<?xml version="1.0" encoding="UTF-8"?>
<testng-results skipped="0" failed="0" total="1" passed="1">
  <reporter-output>
  </reporter-output>
  <suite name="Suite" duration-ms="23699" started-at="2020-11-03T02:58:28Z" finished-at="2020-11-03T02:58:52Z">
    <groups>
    </groups>
    <test name="Test" duration-ms="23699" started-at="2020-11-03T02:58:28Z" finished-at="2020-11-03T02:58:52Z">
      <class name="com.achala.selenium.automation.Test_Login">
        <test-method status="PASS" signature="login()[pri:0, instance:com.achala.selenium.automation.Test_Login@6a396c1e]" name="login" duration-ms="23660" started-at="2020-11-03T08:28:28Z" finished-at="2020-11-03T08:28:52Z">
          <reporter-output>
          </reporter-output>
        </test-method> <!-- login -->
      </class> <!-- com.achala.selenium.automation.Test_Login -->
    </test> <!-- Test -->
  </suite> <!-- Suite -->
</testng-results>
